19-Nov-25 17:59:50  - DEBUG - debug message
19-Nov-25 17:59:50  - INFO - info message
19-Nov-25 17:59:50  - WARNING - warning message
19-Nov-25 17:59:50  - ERROR - error message
19-Nov-25 17:59:50  - CRITICAL - critical message
20-Nov-25 17:57:57  - DEBUG - debug message
20-Nov-25 17:57:57  - INFO - info message
20-Nov-25 17:57:57  - WARNING - warning message
20-Nov-25 17:57:57  - ERROR - error message
20-Nov-25 17:57:57  - CRITICAL - critical message
21-Nov-25 11:10:24  - DEBUG - debug message
21-Nov-25 11:10:24  - INFO - info message
21-Nov-25 11:10:24  - WARNING - warning message
21-Nov-25 11:10:24  - ERROR - error message
21-Nov-25 11:10:24  - CRITICAL - critical message
24-Nov-25 10:00:45  - DEBUG - debug message
24-Nov-25 10:00:45  - INFO - info message
24-Nov-25 10:00:45  - WARNING - warning message
24-Nov-25 10:00:45  - ERROR - error message
24-Nov-25 10:00:45  - CRITICAL - critical message
27-Nov-25 11:26:40  - DEBUG - debug message
27-Nov-25 11:26:40  - INFO - info message
27-Nov-25 11:26:40  - WARNING - warning message
27-Nov-25 11:26:40  - ERROR - error message
27-Nov-25 11:26:40  - CRITICAL - critical message
